{
  "stats": {
    "suites": 1,
    "tests": 1,
    "passes": 1,
    "pending": 0,
    "failures": 0,
    "start": "2025-07-23T16:18:53.564Z",
    "end": "2025-07-23T16:18:55.495Z",
    "duration": 1931,
    "testsRegistered": 1,
    "passPercent": 100,
    "pendingPercent": 0,
    "other": 0,
    "hasOther": false,
    "skipped": 0,
    "hasSkipped": false
  },
  "results": [
    {
      "uuid": "17854714-9a2e-406d-85ca-06700385c380",
      "title": "",
      "fullFile": "cypress\\e2e\\sanity.cy.js",
      "file": "cypress\\e2e\\sanity.cy.js",
      "beforeHooks": [],
      "afterHooks": [],
      "tests": [],
      "suites": [
        {
          "uuid": "d2872c82-2371-4a60-adfb-77cbf9c05184",
          "title": "Sanity Check",
          "fullFile": "",
          "file": "",
          "beforeHooks": [],
          "afterHooks": [],
          "tests": [
            {
              "title": "opens the portfolio site",
              "fullTitle": "Sanity Check opens the portfolio site",
              "timedOut": null,
              "duration": 524,
              "state": "passed",
              "speed": "fast",
              "pass": true,
              "fail": false,
              "pending": false,
              "context": null,
              "code": "cy.log('Test has started!');\ncy.visit('https://subhadeeps91.github.io/');\ncy.title().should('exist');",
              "err": {},
              "uuid": "11d2c8a2-929d-471a-9a87-afa429eecc86",
              "parentUUID": "d2872c82-2371-4a60-adfb-77cbf9c05184",
              "isHook": false,
              "skipped": false
            }
          ],
          "suites": [],
          "passes": [
            "11d2c8a2-929d-471a-9a87-afa429eecc86"
          ],
          "failures": [],
          "pending": [],
          "skipped": [],
          "duration": 524,
          "root": false,
          "rootEmpty": false,
          "_timeout": 2000
        }
      ],
      "passes": [],
      "failures": [],
      "pending": [],
      "skipped": [],
      "duration": 0,
      "root": true,
      "rootEmpty": true,
      "_timeout": 2000
    }
  ],
  "meta": {
    "mocha": {
      "version": "7.2.0"
    },
    "mochawesome": {
      "options": {
        "quiet": false,
        "reportFilename": "mochawesome",
        "saveHtml": true,
        "saveJson": true,
        "consoleReporter": "spec",
        "useInlineDiffs": false,
        "code": true
      },
      "version": "7.1.3"
    },
    "marge": {
      "options": {
        "reportDir": "cypress/results",
        "overwrite": false,
        "html": true,
        "json": true
      },
      "version": "6.2.0"
    }
  }
}