{
  "stats": {
    "suites": 1,
    "tests": 4,
    "passes": 4,
    "pending": 0,
    "failures": 0,
    "start": "2025-07-23T16:18:47.650Z",
    "end": "2025-07-23T16:18:51.727Z",
    "duration": 4077,
    "testsRegistered": 4,
    "passPercent": 100,
    "pendingPercent": 0,
    "other": 0,
    "hasOther": false,
    "skipped": 0,
    "hasSkipped": false
  },
  "results": [
    {
      "uuid": "fdb5412d-075c-4ae3-bbb0-ad1f0f3b69de",
      "title": "",
      "fullFile": "cypress\\e2e\\portfolio.cy.js",
      "file": "cypress\\e2e\\portfolio.cy.js",
      "beforeHooks": [],
      "afterHooks": [],
      "tests": [],
      "suites": [
        {
          "uuid": "f6cb1807-8af8-4b7e-8baf-39e13150a3cb",
          "title": "Subhadeep Portfolio Site",
          "fullFile": "",
          "file": "",
          "beforeHooks": [],
          "afterHooks": [],
          "tests": [
            {
              "title": "should display the portfolio title and name",
              "fullTitle": "Subhadeep Portfolio Site should display the portfolio title and name",
              "timedOut": null,
              "duration": 1482,
              "state": "passed",
              "speed": "fast",
              "pass": true,
              "fail": false,
              "pending": false,
              "context": null,
              "code": "cy.title().should('include', 'My Portfolio');\ncy.contains('Subhadeep Sarkar').should('be.visible');",
              "err": {},
              "uuid": "f1949fd2-3531-4aac-b817-f7a4c596ef19",
              "parentUUID": "f6cb1807-8af8-4b7e-8baf-39e13150a3cb",
              "isHook": false,
              "skipped": false
            },
            {
              "title": "should render major portfolio sections",
              "fullTitle": "Subhadeep Portfolio Site should render major portfolio sections",
              "timedOut": null,
              "duration": 152,
              "state": "passed",
              "speed": "fast",
              "pass": true,
              "fail": false,
              "pending": false,
              "context": null,
              "code": "['experience', 'projects', 'Education', 'skills', 'contact'].forEach(id => {\n  cy.get(`#${id}`).should('be.visible');\n});",
              "err": {},
              "uuid": "536d73df-da41-4cbe-91cf-2b42dc2fee38",
              "parentUUID": "f6cb1807-8af8-4b7e-8baf-39e13150a3cb",
              "isHook": false,
              "skipped": false
            },
            {
              "title": "should display profile and cover images",
              "fullTitle": "Subhadeep Portfolio Site should display profile and cover images",
              "timedOut": null,
              "duration": 124,
              "state": "passed",
              "speed": "fast",
              "pass": true,
              "fail": false,
              "pending": false,
              "context": null,
              "code": "cy.get('header img[alt=\"Cover Image\"]').should('be.visible');\ncy.get('header img[alt=\"Profile Picture\"]').should('be.visible');",
              "err": {},
              "uuid": "217ab0a0-fe9e-43f6-9329-a57768df0e7d",
              "parentUUID": "f6cb1807-8af8-4b7e-8baf-39e13150a3cb",
              "isHook": false,
              "skipped": false
            },
            {
              "title": "should validate contact links",
              "fullTitle": "Subhadeep Portfolio Site should validate contact links",
              "timedOut": null,
              "duration": 134,
              "state": "passed",
              "speed": "fast",
              "pass": true,
              "fail": false,
              "pending": false,
              "context": null,
              "code": "cy.get('a[href*=\"linkedin\"]').should('have.attr', 'target', '_blank');\ncy.get('a[href*=\"github\"]').should('exist');",
              "err": {},
              "uuid": "af8ea0e5-f397-41fd-91c5-6c1b8b956701",
              "parentUUID": "f6cb1807-8af8-4b7e-8baf-39e13150a3cb",
              "isHook": false,
              "skipped": false
            }
          ],
          "suites": [],
          "passes": [
            "f1949fd2-3531-4aac-b817-f7a4c596ef19",
            "536d73df-da41-4cbe-91cf-2b42dc2fee38",
            "217ab0a0-fe9e-43f6-9329-a57768df0e7d",
            "af8ea0e5-f397-41fd-91c5-6c1b8b956701"
          ],
          "failures": [],
          "pending": [],
          "skipped": [],
          "duration": 1892,
          "root": false,
          "rootEmpty": false,
          "_timeout": 2000
        }
      ],
      "passes": [],
      "failures": [],
      "pending": [],
      "skipped": [],
      "duration": 0,
      "root": true,
      "rootEmpty": true,
      "_timeout": 2000
    }
  ],
  "meta": {
    "mocha": {
      "version": "7.2.0"
    },
    "mochawesome": {
      "options": {
        "quiet": false,
        "reportFilename": "mochawesome",
        "saveHtml": true,
        "saveJson": true,
        "consoleReporter": "spec",
        "useInlineDiffs": false,
        "code": true
      },
      "version": "7.1.3"
    },
    "marge": {
      "options": {
        "reportDir": "cypress/results",
        "overwrite": false,
        "html": true,
        "json": true
      },
      "version": "6.2.0"
    }
  }
}