{
  "stats": {
    "suites": 1,
    "tests": 1,
    "passes": 1,
    "pending": 0,
    "failures": 0,
    "start": "2025-09-18T15:00:37.120Z",
    "end": "2025-09-18T15:00:40.267Z",
    "duration": 3147,
    "testsRegistered": 1,
    "passPercent": 100,
    "pendingPercent": 0,
    "other": 0,
    "hasOther": false,
    "skipped": 0,
    "hasSkipped": false
  },
  "results": [
    {
      "uuid": "e55086ba-9f39-44c0-b925-a780ec369493",
      "title": "",
      "fullFile": "cypress\\e2e\\sanity.cy.js",
      "file": "cypress\\e2e\\sanity.cy.js",
      "beforeHooks": [],
      "afterHooks": [],
      "tests": [],
      "suites": [
        {
          "uuid": "2e994378-541d-46d0-b35d-88e110d530b0",
          "title": "Sanity Check",
          "fullFile": "",
          "file": "",
          "beforeHooks": [],
          "afterHooks": [],
          "tests": [
            {
              "title": "opens the portfolio site",
              "fullTitle": "Sanity Check opens the portfolio site",
              "timedOut": null,
              "duration": 1703,
              "state": "passed",
              "speed": "fast",
              "pass": true,
              "fail": false,
              "pending": false,
              "context": null,
              "code": "cy.log('Test has started!');\ncy.visit('https://subhadeeps91.github.io/');\ncy.title().should('exist');",
              "err": {},
              "uuid": "1191829f-b1bc-4370-862f-709764492321",
              "parentUUID": "2e994378-541d-46d0-b35d-88e110d530b0",
              "isHook": false,
              "skipped": false
            }
          ],
          "suites": [],
          "passes": [
            "1191829f-b1bc-4370-862f-709764492321"
          ],
          "failures": [],
          "pending": [],
          "skipped": [],
          "duration": 1703,
          "root": false,
          "rootEmpty": false,
          "_timeout": 2000
        }
      ],
      "passes": [],
      "failures": [],
      "pending": [],
      "skipped": [],
      "duration": 0,
      "root": true,
      "rootEmpty": true,
      "_timeout": 2000
    }
  ],
  "meta": {
    "mocha": {
      "version": "7.2.0"
    },
    "mochawesome": {
      "options": {
        "quiet": false,
        "reportFilename": "mochawesome",
        "saveHtml": true,
        "saveJson": true,
        "consoleReporter": "spec",
        "useInlineDiffs": false,
        "code": true
      },
      "version": "7.1.3"
    },
    "marge": {
      "options": {
        "reportDir": "cypress/results",
        "overwrite": false,
        "html": true,
        "json": true
      },
      "version": "6.3.0"
    }
  }
}